<?xml version="1.0" encoding="UTF-8"?>
<testsuite name="org.apache.xmpbox.schema.DublinCoreTest" time="0.373" tests="60" errors="0" skipped="0" failures="0">
  <properties>
[...]
</properties>
  <testcase name="testPropertySetterInArray[0]" classname="org.apache.xmpbox.schema.DublinCoreTest" time="0.082"/>
  <testcase name="testSettingValueInArray[0]" classname="org.apache.xmpbox.schema.DublinCoreTest" time="0.009"/>
  <testcase name="testInitializedToNull[0]" classname="org.apache.xmpbox.schema.DublinCoreTest" time="0.005"/>
  <testcase name="testSettingValue[0]" classname="org.apache.xmpbox.schema.DublinCoreTest" time="0.004"/>
  <testcase name="testPropertySetterSimple[0]" classname="org.apache.xmpbox.schema.DublinCoreTest" time="0.004"/>
  <testcase name="testPropertySetterInArray[1]" classname="org.apache.xmpbox.schema.DublinCoreTest" time="0.004"/>
  <testcase name="testSettingValueInArray[1]" classname="org.apache.xmpbox.schema.DublinCoreTest" time="0.004"/>
  <testcase name="testInitializedToNull[1]" classname="org.apache.xmpbox.schema.DublinCoreTest" time="0.005"/>
  <testcase name="testSettingValue[1]" classname="org.apache.xmpbox.schema.DublinCoreTest" time="0.005"/>
  <testcase name="testPropertySetterSimple[1]" classname="org.apache.xmpbox.schema.DublinCoreTest" time="0.005"/>
  <testcase name="testPropertySetterInArray[2]" classname="org.apache.xmpbox.schema.DublinCoreTest" time="0.005"/>
  <testcase name="testSettingValueInArray[2]" classname="org.apache.xmpbox.schema.DublinCoreTest" time="0.006"/>
  <testcase name="testInitializedToNull[2]" classname="org.apache.xmpbox.schema.DublinCoreTest" time="0.006"/>
  <testcase name="testSettingValue[2]" classname="org.apache.xmpbox.schema.DublinCoreTest" time="0.005"/>
  <testcase name="testPropertySetterSimple[2]" classname="org.apache.xmpbox.schema.DublinCoreTest" time="0.01"/>
  <testcase name="testPropertySetterInArray[3]" classname="org.apache.xmpbox.schema.DublinCoreTest" time="0.005"/>
  <testcase name="testSettingValueInArray[3]" classname="org.apache.xmpbox.schema.DublinCoreTest" time="0.005"/>
  <testcase name="testInitializedToNull[3]" classname="org.apache.xmpbox.schema.DublinCoreTest" time="0.004"/>
  <testcase name="testSettingValue[3]" classname="org.apache.xmpbox.schema.DublinCoreTest" time="0.004"/>
  <testcase name="testPropertySetterSimple[3]" classname="org.apache.xmpbox.schema.DublinCoreTest" time="0.005"/>
  <testcase name="testPropertySetterInArray[4]" classname="org.apache.xmpbox.schema.DublinCoreTest" time="0.004"/>
  <testcase name="testSettingValueInArray[4]" classname="org.apache.xmpbox.schema.DublinCoreTest" time="0.005"/>
  <testcase name="testInitializedToNull[4]" classname="org.apache.xmpbox.schema.DublinCoreTest" time="0.004"/>
  <testcase name="testSettingValue[4]" classname="org.apache.xmpbox.schema.DublinCoreTest" time="0.005"/>
  <testcase name="testPropertySetterSimple[4]" classname="org.apache.xmpbox.schema.DublinCoreTest" time="0.004"/>
  <testcase name="testPropertySetterInArray[5]" classname="org.apache.xmpbox.schema.DublinCoreTest" time="0.004"/>
  <testcase name="testSettingValueInArray[5]" classname="org.apache.xmpbox.schema.DublinCoreTest" time="0.004"/>
  <testcase name="testInitializedToNull[5]" classname="org.apache.xmpbox.schema.DublinCoreTest" time="0.004"/>
  <testcase name="testSettingValue[5]" classname="org.apache.xmpbox.schema.DublinCoreTest" time="0.006"/>
  <testcase name="testPropertySetterSimple[5]" classname="org.apache.xmpbox.schema.DublinCoreTest" time="0.004"/>
  <testcase name="testPropertySetterInArray[6]" classname="org.apache.xmpbox.schema.DublinCoreTest" time="0.005"/>
  <testcase name="testSettingValueInArray[6]" classname="org.apache.xmpbox.schema.DublinCoreTest" time="0.005"/>
  <testcase name="testInitializedToNull[6]" classname="org.apache.xmpbox.schema.DublinCoreTest" time="0.004"/>
  <testcase name="testSettingValue[6]" classname="org.apache.xmpbox.schema.DublinCoreTest" time="0.004"/>
  <testcase name="testPropertySetterSimple[6]" classname="org.apache.xmpbox.schema.DublinCoreTest" time="0.009"/>
  <testcase name="testPropertySetterInArray[7]" classname="org.apache.xmpbox.schema.DublinCoreTest" time="0.004"/>
  <testcase name="testSettingValueInArray[7]" classname="org.apache.xmpbox.schema.DublinCoreTest" time="0.006"/>
  <testcase name="testInitializedToNull[7]" classname="org.apache.xmpbox.schema.DublinCoreTest" time="0.004"/>
  <testcase name="testSettingValue[7]" classname="org.apache.xmpbox.schema.DublinCoreTest" time="0.004"/>
  <testcase name="testPropertySetterSimple[7]" classname="org.apache.xmpbox.schema.DublinCoreTest" time="0.005"/>
  <testcase name="testPropertySetterInArray[8]" classname="org.apache.xmpbox.schema.DublinCoreTest" time="0.004"/>
  <testcase name="testSettingValueInArray[8]" classname="org.apache.xmpbox.schema.DublinCoreTest" time="0.005"/>
  <testcase name="testInitializedToNull[8]" classname="org.apache.xmpbox.schema.DublinCoreTest" time="0.004"/>
  <testcase name="testSettingValue[8]" classname="org.apache.xmpbox.schema.DublinCoreTest" time="0.004"/>
  <testcase name="testPropertySetterSimple[8]" classname="org.apache.xmpbox.schema.DublinCoreTest" time="0.004"/>
  <testcase name="testPropertySetterInArray[9]" classname="org.apache.xmpbox.schema.DublinCoreTest" time="0.006"/>
  <testcase name="testSettingValueInArray[9]" classname="org.apache.xmpbox.schema.DublinCoreTest" time="0.006"/>
  <testcase name="testInitializedToNull[9]" classname="org.apache.xmpbox.schema.DublinCoreTest" time="0.004"/>
  <testcase name="testSettingValue[9]" classname="org.apache.xmpbox.schema.DublinCoreTest" time="0.006"/>
  <testcase name="testPropertySetterSimple[9]" classname="org.apache.xmpbox.schema.DublinCoreTest" time="0.004"/>
  <testcase name="testPropertySetterInArray[10]" classname="org.apache.xmpbox.schema.DublinCoreTest" time="0.004"/>
  <testcase name="testSettingValueInArray[10]" classname="org.apache.xmpbox.schema.DublinCoreTest" time="0.005"/>
  <testcase name="testInitializedToNull[10]" classname="org.apache.xmpbox.schema.DublinCoreTest" time="0.004"/>
  <testcase name="testSettingValue[10]" classname="org.apache.xmpbox.schema.DublinCoreTest" time="0.006"/>
  <testcase name="testPropertySetterSimple[10]" classname="org.apache.xmpbox.schema.DublinCoreTest" time="0.004"/>
  <testcase name="testPropertySetterInArray[11]" classname="org.apache.xmpbox.schema.DublinCoreTest" time="0.005"/>
  <testcase name="testSettingValueInArray[11]" classname="org.apache.xmpbox.schema.DublinCoreTest" time="0.005"/>
  <testcase name="testInitializedToNull[11]" classname="org.apache.xmpbox.schema.DublinCoreTest" time="0.005"/>
  <testcase name="testSettingValue[11]" classname="org.apache.xmpbox.schema.DublinCoreTest" time="0.006"/>
  <testcase name="testPropertySetterSimple[11]" classname="org.apache.xmpbox.schema.DublinCoreTest" time="0.006"/>
</testsuite>