<?xml version="1.0" encoding="UTF-8"?>
<testsuite name="org.apache.xmpbox.schema.XMPMediaManagementTest" time="0.178" tests="22" errors="0" skipped="0" failures="0">
  <properties>
[...]
</properties>
  <testcase name="testGetSetValue[DocumentID org.apache.xmpbox.type.TypeMapping$1@45eefc33 {2}]" classname="org.apache.xmpbox.schema.XMPMediaManagementTest" time="0.005"/>
  <testcase name="testGetSetProperty[DocumentID org.apache.xmpbox.type.TypeMapping$1@45eefc33 {2}]" classname="org.apache.xmpbox.schema.XMPMediaManagementTest" time="0.007"/>
  <testcase name="testGetSetValue[Manager org.apache.xmpbox.type.TypeMapping$1@4cef9c23 {2}]" classname="org.apache.xmpbox.schema.XMPMediaManagementTest" time="0.005"/>
  <testcase name="testGetSetProperty[Manager org.apache.xmpbox.type.TypeMapping$1@4cef9c23 {2}]" classname="org.apache.xmpbox.schema.XMPMediaManagementTest" time="0.008"/>
  <testcase name="testGetSetValue[ManageTo org.apache.xmpbox.type.TypeMapping$1@6f3e54b {2}]" classname="org.apache.xmpbox.schema.XMPMediaManagementTest" time="0.005"/>
  <testcase name="testGetSetProperty[ManageTo org.apache.xmpbox.type.TypeMapping$1@6f3e54b {2}]" classname="org.apache.xmpbox.schema.XMPMediaManagementTest" time="0.011"/>
  <testcase name="testGetSetValue[ManageUI org.apache.xmpbox.type.TypeMapping$1@7652a27d {2}]" classname="org.apache.xmpbox.schema.XMPMediaManagementTest" time="0.014"/>
  <testcase name="testGetSetProperty[ManageUI org.apache.xmpbox.type.TypeMapping$1@7652a27d {2}]" classname="org.apache.xmpbox.schema.XMPMediaManagementTest" time="0.025"/>
  <testcase name="testGetSetValue[InstanceID org.apache.xmpbox.type.TypeMapping$1@2b29f93b {2}]" classname="org.apache.xmpbox.schema.XMPMediaManagementTest" time="0.015"/>
  <testcase name="testGetSetProperty[InstanceID org.apache.xmpbox.type.TypeMapping$1@2b29f93b {2}]" classname="org.apache.xmpbox.schema.XMPMediaManagementTest" time="0.021"/>
  <testcase name="testGetSetValue[OriginalDocumentID org.apache.xmpbox.type.TypeMapping$1@50a9a6a0 {2}]" classname="org.apache.xmpbox.schema.XMPMediaManagementTest" time="0.004"/>
  <testcase name="testGetSetProperty[OriginalDocumentID org.apache.xmpbox.type.TypeMapping$1@50a9a6a0 {2}]" classname="org.apache.xmpbox.schema.XMPMediaManagementTest" time="0.006"/>
  <testcase name="testGetSetValue[RenditionParams org.apache.xmpbox.type.TypeMapping$1@31fa7bbf {2}]" classname="org.apache.xmpbox.schema.XMPMediaManagementTest" time="0.004"/>
  <testcase name="testGetSetProperty[RenditionParams org.apache.xmpbox.type.TypeMapping$1@31fa7bbf {2}]" classname="org.apache.xmpbox.schema.XMPMediaManagementTest" time="0.006"/>
  <testcase name="testGetSetValue[VersionID org.apache.xmpbox.type.TypeMapping$1@33d2523b {2}]" classname="org.apache.xmpbox.schema.XMPMediaManagementTest" time="0.005"/>
  <testcase name="testGetSetProperty[VersionID org.apache.xmpbox.type.TypeMapping$1@33d2523b {2}]" classname="org.apache.xmpbox.schema.XMPMediaManagementTest" time="0.007"/>
  <testcase name="testGetSetValue[Versions org.apache.xmpbox.type.TypeMapping$1@3514ba11 {2}]" classname="org.apache.xmpbox.schema.XMPMediaManagementTest" time="0.003"/>
  <testcase name="testGetSetProperty[Versions org.apache.xmpbox.type.TypeMapping$1@3514ba11 {2}]" classname="org.apache.xmpbox.schema.XMPMediaManagementTest" time="0.007"/>
  <testcase name="testGetSetValue[History org.apache.xmpbox.type.TypeMapping$1@63c3cd50 {2}]" classname="org.apache.xmpbox.schema.XMPMediaManagementTest" time="0.004"/>
  <testcase name="testGetSetProperty[History org.apache.xmpbox.type.TypeMapping$1@63c3cd50 {2}]" classname="org.apache.xmpbox.schema.XMPMediaManagementTest" time="0.006"/>
  <testcase name="testGetSetValue[Ingredients org.apache.xmpbox.type.TypeMapping$1@4bdc725b {2}]" classname="org.apache.xmpbox.schema.XMPMediaManagementTest" time="0.004"/>
  <testcase name="testGetSetProperty[Ingredients org.apache.xmpbox.type.TypeMapping$1@4bdc725b {2}]" classname="org.apache.xmpbox.schema.XMPMediaManagementTest" time="0.006"/>
</testsuite>